This file contains any messages produced by compilers while
running configure, to aid debugging if configure makes a mistake.

It was created by DMTCP configure 3.0.0, which was
generated by GNU Autoconf 2.69.  Invocation command line was

  $ ./configure 

## --------- ##
## Platform. ##
## --------- ##

hostname = h16
uname -m = x86_64
uname -r = 4.15.0-173-generic
uname -s = Linux
uname -v = #182-Ubuntu SMP Fri Mar 18 15:53:46 UTC 2022

/usr/bin/uname -p = unknown
/bin/uname -X     = unknown

/bin/arch              = unknown
/usr/bin/arch -k       = unknown
/usr/convex/getsysinfo = unknown
/usr/bin/hostinfo      = unknown
/bin/machine           = unknown
/usr/bin/oslevel       = unknown
/bin/universe          = unknown

PATH: /root/.vscode-server/bin/57fd6d0195bb9b9d1b49f6da5db789060795de47/bin/remote-cli
PATH: /usr/local/sbin
PATH: /usr/local/bin
PATH: /usr/sbin
PATH: /usr/bin
PATH: /sbin
PATH: /bin
PATH: /usr/games
PATH: /usr/local/games
PATH: /snap/bin


## ----------- ##
## Core tests. ##
## ----------- ##

configure:2464: checking for a BSD-compatible install
configure:2532: result: /usr/bin/install -c
configure:2543: checking whether build environment is sane
configure:2598: result: yes
configure:2749: checking for a thread-safe mkdir -p
configure:2788: result: /bin/mkdir -p
configure:2795: checking for gawk
configure:2825: result: no
configure:2795: checking for mawk
configure:2811: found /usr/bin/mawk
configure:2822: result: mawk
configure:2833: checking whether make sets $(MAKE)
configure:2855: result: yes
configure:2884: checking whether make supports nested variables
configure:2901: result: yes
configure:3028: checking whether to enable maintainer-specific portions of Makefiles
configure:3037: result: no
configure:3054: checking build system type
configure:3068: result: x86_64-pc-linux-gnu
configure:3088: checking host system type
configure:3101: result: x86_64-pc-linux-gnu
configure:3168: checking for ranlib
configure:3184: found /usr/bin/ranlib
configure:3195: result: ranlib
configure:3217: checking whether make sets $(MAKE)
configure:3239: result: yes
configure:3248: checking whether ln -s works
configure:3252: result: yes
configure:3318: checking for g++
configure:3334: found /usr/bin/g++
configure:3345: result: g++
configure:3372: checking for C++ compiler version
configure:3381: g++ --version >&5
g++ (Ubuntu 7.5.0-3ubuntu1~18.04) 7.5.0
Copyright (C) 2017 Free Software Foundation, Inc.
This is free software; see the source for copying conditions.  There is NO
warranty; not even for MERCHANTABILITY or FITNESS FOR A PARTICULAR PURPOSE.

configure:3392: $? = 0
configure:3381: g++ -v >&5
Using built-in specs.
COLLECT_GCC=g++
COLLECT_LTO_WRAPPER=/usr/lib/gcc/x86_64-linux-gnu/7/lto-wrapper
OFFLOAD_TARGET_NAMES=nvptx-none
OFFLOAD_TARGET_DEFAULT=1
Target: x86_64-linux-gnu
Configured with: ../src/configure -v --with-pkgversion='Ubuntu 7.5.0-3ubuntu1~18.04' --with-bugurl=file:///usr/share/doc/gcc-7/README.Bugs --enable-languages=c,ada,c++,go,brig,d,fortran,objc,obj-c++ --prefix=/usr --with-gcc-major-version-only --program-suffix=-7 --program-prefix=x86_64-linux-gnu- --enable-shared --enable-linker-build-id --libexecdir=/usr/lib --without-included-gettext --enable-threads=posix --libdir=/usr/lib --enable-nls --enable-bootstrap --enable-clocale=gnu --enable-libstdcxx-debug --enable-libstdcxx-time=yes --with-default-libstdcxx-abi=new --enable-gnu-unique-object --disable-vtable-verify --enable-libmpx --enable-plugin --enable-default-pie --with-system-zlib --with-target-system-zlib --enable-objc-gc=auto --enable-multiarch --disable-werror --with-arch-32=i686 --with-abi=m64 --with-multilib-list=m32,m64,mx32 --enable-multilib --with-tune=generic --enable-offload-targets=nvptx-none --without-cuda-driver --enable-checking=release --build=x86_64-linux-gnu --host=x86_64-linux-gnu --target=x86_64-linux-gnu
Thread model: posix
gcc version 7.5.0 (Ubuntu 7.5.0-3ubuntu1~18.04) 
configure:3392: $? = 0
configure:3381: g++ -V >&5
g++: error: unrecognized command line option '-V'
g++: fatal error: no input files
compilation terminated.
configure:3392: $? = 1
configure:3381: g++ -qversion >&5
g++: error: unrecognized command line option '-qversion'; did you mean '--version'?
g++: fatal error: no input files
compilation terminated.
configure:3392: $? = 1
configure:3412: checking whether the C++ compiler works
configure:3434: g++    conftest.cpp  >&5
configure:3438: $? = 0
configure:3486: result: yes
configure:3489: checking for C++ compiler default output file name
configure:3491: result: a.out
configure:3497: checking for suffix of executables
configure:3504: g++ -o conftest    conftest.cpp  >&5
configure:3508: $? = 0
configure:3530: result: 
configure:3552: checking whether we are cross compiling
configure:3560: g++ -o conftest    conftest.cpp  >&5
configure:3564: $? = 0
configure:3571: ./conftest
configure:3575: $? = 0
configure:3590: result: no
configure:3595: checking for suffix of object files
configure:3617: g++ -c   conftest.cpp >&5
configure:3621: $? = 0
configure:3642: result: o
configure:3646: checking whether we are using the GNU C++ compiler
configure:3665: g++ -c   conftest.cpp >&5
configure:3665: $? = 0
configure:3674: result: yes
configure:3683: checking whether g++ accepts -g
configure:3703: g++ -c -g  conftest.cpp >&5
configure:3703: $? = 0
configure:3744: result: yes
configure:3778: checking for style of include used by make
configure:3806: result: GNU
configure:3832: checking dependency style of g++
configure:3943: result: gcc3
configure:4006: checking for gcc
configure:4022: found /usr/bin/gcc
configure:4033: result: gcc
configure:4262: checking for C compiler version
configure:4271: gcc --version >&5
gcc (Ubuntu 7.5.0-3ubuntu1~18.04) 7.5.0
Copyright (C) 2017 Free Software Foundation, Inc.
This is free software; see the source for copying conditions.  There is NO
warranty; not even for MERCHANTABILITY or FITNESS FOR A PARTICULAR PURPOSE.

configure:4282: $? = 0
configure:4271: gcc -v >&5
Using built-in specs.
COLLECT_GCC=gcc
COLLECT_LTO_WRAPPER=/usr/lib/gcc/x86_64-linux-gnu/7/lto-wrapper
OFFLOAD_TARGET_NAMES=nvptx-none
OFFLOAD_TARGET_DEFAULT=1
Target: x86_64-linux-gnu
Configured with: ../src/configure -v --with-pkgversion='Ubuntu 7.5.0-3ubuntu1~18.04' --with-bugurl=file:///usr/share/doc/gcc-7/README.Bugs --enable-languages=c,ada,c++,go,brig,d,fortran,objc,obj-c++ --prefix=/usr --with-gcc-major-version-only --program-suffix=-7 --program-prefix=x86_64-linux-gnu- --enable-shared --enable-linker-build-id --libexecdir=/usr/lib --without-included-gettext --enable-threads=posix --libdir=/usr/lib --enable-nls --enable-bootstrap --enable-clocale=gnu --enable-libstdcxx-debug --enable-libstdcxx-time=yes --with-default-libstdcxx-abi=new --enable-gnu-unique-object --disable-vtable-verify --enable-libmpx --enable-plugin --enable-default-pie --with-system-zlib --with-target-system-zlib --enable-objc-gc=auto --enable-multiarch --disable-werror --with-arch-32=i686 --with-abi=m64 --with-multilib-list=m32,m64,mx32 --enable-multilib --with-tune=generic --enable-offload-targets=nvptx-none --without-cuda-driver --enable-checking=release --build=x86_64-linux-gnu --host=x86_64-linux-gnu --target=x86_64-linux-gnu
Thread model: posix
gcc version 7.5.0 (Ubuntu 7.5.0-3ubuntu1~18.04) 
configure:4282: $? = 0
configure:4271: gcc -V >&5
gcc: error: unrecognized command line option '-V'
gcc: fatal error: no input files
compilation terminated.
configure:4282: $? = 1
configure:4271: gcc -qversion >&5
gcc: error: unrecognized command line option '-qversion'; did you mean '--version'?
gcc: fatal error: no input files
compilation terminated.
configure:4282: $? = 1
configure:4286: checking whether we are using the GNU C compiler
configure:4305: gcc -c   conftest.c >&5
configure:4305: $? = 0
configure:4314: result: yes
configure:4323: checking whether gcc accepts -g
configure:4343: gcc -c -g  conftest.c >&5
configure:4343: $? = 0
configure:4384: result: yes
configure:4401: checking for gcc option to accept ISO C89
configure:4464: gcc  -c -g -O2  conftest.c >&5
configure:4464: $? = 0
configure:4477: result: none needed
configure:4502: checking whether gcc understands -c and -o together
configure:4524: gcc -c conftest.c -o conftest2.o
configure:4527: $? = 0
configure:4524: gcc -c conftest.c -o conftest2.o
configure:4527: $? = 0
configure:4539: result: yes
configure:4558: checking dependency style of gcc
configure:4669: result: gcc3
configure:4688: checking for gcc option to accept ISO C99
configure:4837: gcc  -c -g -O2  conftest.c >&5
configure:4837: $? = 0
configure:4850: result: none needed
configure:4958: checking for gcc option to accept ISO Standard C
configure:4969: result: none needed
configure:4981: checking how to run the C preprocessor
configure:5012: gcc -E  conftest.c
configure:5012: $? = 0
configure:5026: gcc -E  conftest.c
conftest.c:11:10: fatal error: ac_nonexistent.h: No such file or directory
 #include <ac_nonexistent.h>
          ^~~~~~~~~~~~~~~~~~
compilation terminated.
configure:5026: $? = 1
configure: failed program was:
| /* confdefs.h */
| #define PACKAGE_NAME "DMTCP"
| #define PACKAGE_TARNAME "dmtcp"
| #define PACKAGE_VERSION "3.0.0"
| #define PACKAGE_STRING "DMTCP 3.0.0"
| #define PACKAGE_BUGREPORT "dmtcp-forum@lists.sourceforge.net"
| #define PACKAGE_URL "http://dmtcp.sourceforge.net"
| #define PACKAGE "dmtcp"
| #define VERSION "3.0.0"
| /* end confdefs.h.  */
| #include <ac_nonexistent.h>
configure:5051: result: gcc -E
configure:5071: gcc -E  conftest.c
configure:5071: $? = 0
configure:5085: gcc -E  conftest.c
conftest.c:11:10: fatal error: ac_nonexistent.h: No such file or directory
 #include <ac_nonexistent.h>
          ^~~~~~~~~~~~~~~~~~
compilation terminated.
configure:5085: $? = 1
configure: failed program was:
| /* confdefs.h */
| #define PACKAGE_NAME "DMTCP"
| #define PACKAGE_TARNAME "dmtcp"
| #define PACKAGE_VERSION "3.0.0"
| #define PACKAGE_STRING "DMTCP 3.0.0"
| #define PACKAGE_BUGREPORT "dmtcp-forum@lists.sourceforge.net"
| #define PACKAGE_URL "http://dmtcp.sourceforge.net"
| #define PACKAGE "dmtcp"
| #define VERSION "3.0.0"
| /* end confdefs.h.  */
| #include <ac_nonexistent.h>
configure:5122: checking for gcc option to support OpenMP
configure:5137: gcc -o conftest -g -O2   conftest.c  >&5
conftest.c:13:2: error: unknown type name 'choke'
  choke me
  ^~~~~
In file included from conftest.c:15:0:
/usr/lib/gcc/x86_64-linux-gnu/7/include/omp.h:35:1: error: expected '=', ',', ';', 'asm' or '__attribute__' before 'typedef'
 typedef struct
 ^~~~~~~
configure:5137: $? = 1
configure: failed program was:
| /* confdefs.h */
| #define PACKAGE_NAME "DMTCP"
| #define PACKAGE_TARNAME "dmtcp"
| #define PACKAGE_VERSION "3.0.0"
| #define PACKAGE_STRING "DMTCP 3.0.0"
| #define PACKAGE_BUGREPORT "dmtcp-forum@lists.sourceforge.net"
| #define PACKAGE_URL "http://dmtcp.sourceforge.net"
| #define PACKAGE "dmtcp"
| #define VERSION "3.0.0"
| /* end confdefs.h.  */
| 
| #ifndef _OPENMP
|  choke me
| #endif
| #include <omp.h>
| int main () { return omp_get_num_threads (); }
| 
configure:5155: gcc -o conftest -g -O2 -fopenmp   conftest.c  >&5
configure:5155: $? = 0
configure:5169: result: -fopenmp
configure:5195: checking for g++ option to support OpenMP
configure:5210: g++ -o conftest -g -O2   conftest.cpp  >&5
conftest.cpp:13:2: error: 'choke' does not name a type
  choke me
  ^~~~~
In file included from conftest.cpp:15:0:
/usr/lib/gcc/x86_64-linux-gnu/7/include/omp.h:39:3: error: 'omp_lock_t' does not name a type
 } omp_lock_t;
   ^~~~~~~~~~
/usr/lib/gcc/x86_64-linux-gnu/7/include/omp.h:100:28: error: variable or field 'omp_init_lock' declared void
 extern void omp_init_lock (omp_lock_t *) __GOMP_NOTHROW;
                            ^~~~~~~~~~
/usr/lib/gcc/x86_64-linux-gnu/7/include/omp.h:100:28: error: 'omp_lock_t' was not declared in this scope
/usr/lib/gcc/x86_64-linux-gnu/7/include/omp.h:100:28: note: suggested alternative: 'omp_lock_hint_t'
 extern void omp_init_lock (omp_lock_t *) __GOMP_NOTHROW;
                            ^~~~~~~~~~
                            omp_lock_hint_t
/usr/lib/gcc/x86_64-linux-gnu/7/include/omp.h:100:40: error: expected primary-expression before ')' token
 extern void omp_init_lock (omp_lock_t *) __GOMP_NOTHROW;
                                        ^
/usr/lib/gcc/x86_64-linux-gnu/7/include/omp.h:101:38: error: variable or field 'omp_init_lock_with_hint' declared void
 extern void omp_init_lock_with_hint (omp_lock_t *, omp_lock_hint_t)
                                      ^~~~~~~~~~
/usr/lib/gcc/x86_64-linux-gnu/7/include/omp.h:101:38: error: 'omp_lock_t' was not declared in this scope
/usr/lib/gcc/x86_64-linux-gnu/7/include/omp.h:101:38: note: suggested alternative: 'omp_lock_hint_t'
 extern void omp_init_lock_with_hint (omp_lock_t *, omp_lock_hint_t)
                                      ^~~~~~~~~~
                                      omp_lock_hint_t
/usr/lib/gcc/x86_64-linux-gnu/7/include/omp.h:101:50: error: expected primary-expression before ',' token
 extern void omp_init_lock_with_hint (omp_lock_t *, omp_lock_hint_t)
                                                  ^
/usr/lib/gcc/x86_64-linux-gnu/7/include/omp.h:101:67: error: expected primary-expression before ')' token
 extern void omp_init_lock_with_hint (omp_lock_t *, omp_lock_hint_t)
                                                                   ^
/usr/lib/gcc/x86_64-linux-gnu/7/include/omp.h:103:31: error: variable or field 'omp_destroy_lock' declared void
 extern void omp_destroy_lock (omp_lock_t *) __GOMP_NOTHROW;
                               ^~~~~~~~~~
/usr/lib/gcc/x86_64-linux-gnu/7/include/omp.h:103:31: error: 'omp_lock_t' was not declared in this scope
/usr/lib/gcc/x86_64-linux-gnu/7/include/omp.h:103:31: note: suggested alternative: 'omp_lock_hint_t'
 extern void omp_destroy_lock (omp_lock_t *) __GOMP_NOTHROW;
                               ^~~~~~~~~~
                               omp_lock_hint_t
/usr/lib/gcc/x86_64-linux-gnu/7/include/omp.h:103:43: error: expected primary-expression before ')' token
 extern void omp_destroy_lock (omp_lock_t *) __GOMP_NOTHROW;
                                           ^
/usr/lib/gcc/x86_64-linux-gnu/7/include/omp.h:104:27: error: variable or field 'omp_set_lock' declared void
 extern void omp_set_lock (omp_lock_t *) __GOMP_NOTHROW;
                           ^~~~~~~~~~
/usr/lib/gcc/x86_64-linux-gnu/7/include/omp.h:104:27: error: 'omp_lock_t' was not declared in this scope
/usr/lib/gcc/x86_64-linux-gnu/7/include/omp.h:104:27: note: suggested alternative: 'omp_lock_hint_t'
 extern void omp_set_lock (omp_lock_t *) __GOMP_NOTHROW;
                           ^~~~~~~~~~
                           omp_lock_hint_t
/usr/lib/gcc/x86_64-linux-gnu/7/include/omp.h:104:39: error: expected primary-expression before ')' token
 extern void omp_set_lock (omp_lock_t *) __GOMP_NOTHROW;
                                       ^
/usr/lib/gcc/x86_64-linux-gnu/7/include/omp.h:105:29: error: variable or field 'omp_unset_lock' declared void
 extern void omp_unset_lock (omp_lock_t *) __GOMP_NOTHROW;
                             ^~~~~~~~~~
/usr/lib/gcc/x86_64-linux-gnu/7/include/omp.h:105:29: error: 'omp_lock_t' was not declared in this scope
/usr/lib/gcc/x86_64-linux-gnu/7/include/omp.h:105:29: note: suggested alternative: 'omp_lock_hint_t'
 extern void omp_unset_lock (omp_lock_t *) __GOMP_NOTHROW;
                             ^~~~~~~~~~
                             omp_lock_hint_t
/usr/lib/gcc/x86_64-linux-gnu/7/include/omp.h:105:41: error: expected primary-expression before ')' token
 extern void omp_unset_lock (omp_lock_t *) __GOMP_NOTHROW;
                                         ^
/usr/lib/gcc/x86_64-linux-gnu/7/include/omp.h:106:27: error: 'omp_lock_t' was not declared in this scope
 extern int omp_test_lock (omp_lock_t *) __GOMP_NOTHROW;
                           ^~~~~~~~~~
/usr/lib/gcc/x86_64-linux-gnu/7/include/omp.h:106:27: note: suggested alternative: 'omp_lock_hint_t'
 extern int omp_test_lock (omp_lock_t *) __GOMP_NOTHROW;
                           ^~~~~~~~~~
                           omp_lock_hint_t
/usr/lib/gcc/x86_64-linux-gnu/7/include/omp.h:106:39: error: expected primary-expression before ')' token
 extern int omp_test_lock (omp_lock_t *) __GOMP_NOTHROW;
                                       ^
configure:5210: $? = 1
configure: failed program was:
| /* confdefs.h */
| #define PACKAGE_NAME "DMTCP"
| #define PACKAGE_TARNAME "dmtcp"
| #define PACKAGE_VERSION "3.0.0"
| #define PACKAGE_STRING "DMTCP 3.0.0"
| #define PACKAGE_BUGREPORT "dmtcp-forum@lists.sourceforge.net"
| #define PACKAGE_URL "http://dmtcp.sourceforge.net"
| #define PACKAGE "dmtcp"
| #define VERSION "3.0.0"
| /* end confdefs.h.  */
| 
| #ifndef _OPENMP
|  choke me
| #endif
| #include <omp.h>
| int main () { return omp_get_num_threads (); }
| 
configure:5228: g++ -o conftest -g -O2 -fopenmp   conftest.cpp  >&5
configure:5228: $? = 0
configure:5242: result: -fopenmp
configure:5756: checking whether posix mq_open works
configure:5793: gcc -o conftest -g -O0   conftest.c -lrt  >&5
configure:5793: $? = 0
configure:5793: ./conftest
configure:5793: $? = 0
configure:5810: result: yes
configure:6171: checking if this is WSL (Windows Subystem for Linux)
configure:6186: result: no
configure:6189: checking whether GNU_HASH is supported for ELF
configure:6208: gcc -o conftest -g -O2   conftest.c  >&5
configure:6208: $? = 0
configure:6208: ./conftest
configure:6208: $? = 0
configure:6222: result: yes
configure:6225: checking whether PR_SET_PTRACER is an option for prctl()
configure:6244: gcc -o conftest -g -O2   conftest.c  >&5
configure:6244: $? = 0
configure:6244: ./conftest
configure:6244: $? = 0
configure:6258: result: yes
configure:6261: checking if process_vm_readv/process_vm_writev (CMA) available
configure:6311: gcc -o conftest -g -O2   conftest.c  >&5
configure:6311: $? = 0
configure:6311: ./conftest
configure:6311: $? = 0
configure:6330: result: yes
configure:6333: checking if epoll_create1 available
configure:6335: checking for epoll_create1
configure:6335: gcc -o conftest -g -O2   conftest.c  >&5
configure:6335: $? = 0
configure:6335: result: yes
configure:6352: result: 
configure:6356: checking for readline in -lreadline
configure:6381: gcc -o conftest -g -O2   conftest.c -lreadline -lhistory -lcurses  >&5
/usr/bin/ld: cannot find -lreadline
/usr/bin/ld: cannot find -lhistory
/usr/bin/ld: cannot find -lcurses
collect2: error: ld returned 1 exit status
configure:6381: $? = 1
configure: failed program was:
| /* confdefs.h */
| #define PACKAGE_NAME "DMTCP"
| #define PACKAGE_TARNAME "dmtcp"
| #define PACKAGE_VERSION "3.0.0"
| #define PACKAGE_STRING "DMTCP 3.0.0"
| #define PACKAGE_BUGREPORT "dmtcp-forum@lists.sourceforge.net"
| #define PACKAGE_URL "http://dmtcp.sourceforge.net"
| #define PACKAGE "dmtcp"
| #define VERSION "3.0.0"
| #define HAS_GNU_HASH 1
| #define HAS_PR_SET_PTRACER 1
| #define HAS_CMA 1
| #define HAS_EPOLL_CREATE1 1
| /* end confdefs.h.  */
| 
| /* Override any GCC internal prototype to avoid an error.
|    Use char because int might match the return type of a GCC
|    builtin and then its argument prototype would still apply.  */
| #ifdef __cplusplus
| extern "C"
| #endif
| char readline ();
| int
| main ()
| {
| return readline ();
|   ;
|   return 0;
| }
configure:6390: result: no
configure:6402: checking readline/readline.h usability
configure:6402: gcc -c -g -O2  conftest.c >&5
conftest.c:48:10: fatal error: readline/readline.h: No such file or directory
 #include <readline/readline.h>
          ^~~~~~~~~~~~~~~~~~~~~
compilation terminated.
configure:6402: $? = 1
configure: failed program was:
| /* confdefs.h */
| #define PACKAGE_NAME "DMTCP"
| #define PACKAGE_TARNAME "dmtcp"
| #define PACKAGE_VERSION "3.0.0"
| #define PACKAGE_STRING "DMTCP 3.0.0"
| #define PACKAGE_BUGREPORT "dmtcp-forum@lists.sourceforge.net"
| #define PACKAGE_URL "http://dmtcp.sourceforge.net"
| #define PACKAGE "dmtcp"
| #define VERSION "3.0.0"
| #define HAS_GNU_HASH 1
| #define HAS_PR_SET_PTRACER 1
| #define HAS_CMA 1
| #define HAS_EPOLL_CREATE1 1
| /* end confdefs.h.  */
| #include <stdio.h>
| #ifdef HAVE_SYS_TYPES_H
| # include <sys/types.h>
| #endif
| #ifdef HAVE_SYS_STAT_H
| # include <sys/stat.h>
| #endif
| #ifdef STDC_HEADERS
| # include <stdlib.h>
| # include <stddef.h>
| #else
| # ifdef HAVE_STDLIB_H
| #  include <stdlib.h>
| # endif
| #endif
| #ifdef HAVE_STRING_H
| # if !defined STDC_HEADERS && defined HAVE_MEMORY_H
| #  include <memory.h>
| # endif
| # include <string.h>
| #endif
| #ifdef HAVE_STRINGS_H
| # include <strings.h>
| #endif
| #ifdef HAVE_INTTYPES_H
| # include <inttypes.h>
| #endif
| #ifdef HAVE_STDINT_H
| # include <stdint.h>
| #endif
| #ifdef HAVE_UNISTD_H
| # include <unistd.h>
| #endif
| #include <readline/readline.h>
configure:6402: result: no
configure:6402: checking readline/readline.h presence
configure:6402: gcc -E  conftest.c
conftest.c:15:10: fatal error: readline/readline.h: No such file or directory
 #include <readline/readline.h>
          ^~~~~~~~~~~~~~~~~~~~~
compilation terminated.
configure:6402: $? = 1
configure: failed program was:
| /* confdefs.h */
| #define PACKAGE_NAME "DMTCP"
| #define PACKAGE_TARNAME "dmtcp"
| #define PACKAGE_VERSION "3.0.0"
| #define PACKAGE_STRING "DMTCP 3.0.0"
| #define PACKAGE_BUGREPORT "dmtcp-forum@lists.sourceforge.net"
| #define PACKAGE_URL "http://dmtcp.sourceforge.net"
| #define PACKAGE "dmtcp"
| #define VERSION "3.0.0"
| #define HAS_GNU_HASH 1
| #define HAS_PR_SET_PTRACER 1
| #define HAS_CMA 1
| #define HAS_EPOLL_CREATE1 1
| /* end confdefs.h.  */
| #include <readline/readline.h>
configure:6402: result: no
configure:6402: checking for readline/readline.h
configure:6402: result: no
configure:6402: checking readline/history.h usability
configure:6402: gcc -c -g -O2  conftest.c >&5
conftest.c:48:10: fatal error: readline/history.h: No such file or directory
 #include <readline/history.h>
          ^~~~~~~~~~~~~~~~~~~~
compilation terminated.
configure:6402: $? = 1
configure: failed program was:
| /* confdefs.h */
| #define PACKAGE_NAME "DMTCP"
| #define PACKAGE_TARNAME "dmtcp"
| #define PACKAGE_VERSION "3.0.0"
| #define PACKAGE_STRING "DMTCP 3.0.0"
| #define PACKAGE_BUGREPORT "dmtcp-forum@lists.sourceforge.net"
| #define PACKAGE_URL "http://dmtcp.sourceforge.net"
| #define PACKAGE "dmtcp"
| #define VERSION "3.0.0"
| #define HAS_GNU_HASH 1
| #define HAS_PR_SET_PTRACER 1
| #define HAS_CMA 1
| #define HAS_EPOLL_CREATE1 1
| /* end confdefs.h.  */
| #include <stdio.h>
| #ifdef HAVE_SYS_TYPES_H
| # include <sys/types.h>
| #endif
| #ifdef HAVE_SYS_STAT_H
| # include <sys/stat.h>
| #endif
| #ifdef STDC_HEADERS
| # include <stdlib.h>
| # include <stddef.h>
| #else
| # ifdef HAVE_STDLIB_H
| #  include <stdlib.h>
| # endif
| #endif
| #ifdef HAVE_STRING_H
| # if !defined STDC_HEADERS && defined HAVE_MEMORY_H
| #  include <memory.h>
| # endif
| # include <string.h>
| #endif
| #ifdef HAVE_STRINGS_H
| # include <strings.h>
| #endif
| #ifdef HAVE_INTTYPES_H
| # include <inttypes.h>
| #endif
| #ifdef HAVE_STDINT_H
| # include <stdint.h>
| #endif
| #ifdef HAVE_UNISTD_H
| # include <unistd.h>
| #endif
| #include <readline/history.h>
configure:6402: result: no
configure:6402: checking readline/history.h presence
configure:6402: gcc -E  conftest.c
conftest.c:15:10: fatal error: readline/history.h: No such file or directory
 #include <readline/history.h>
          ^~~~~~~~~~~~~~~~~~~~
compilation terminated.
configure:6402: $? = 1
configure: failed program was:
| /* confdefs.h */
| #define PACKAGE_NAME "DMTCP"
| #define PACKAGE_TARNAME "dmtcp"
| #define PACKAGE_VERSION "3.0.0"
| #define PACKAGE_STRING "DMTCP 3.0.0"
| #define PACKAGE_BUGREPORT "dmtcp-forum@lists.sourceforge.net"
| #define PACKAGE_URL "http://dmtcp.sourceforge.net"
| #define PACKAGE "dmtcp"
| #define VERSION "3.0.0"
| #define HAS_GNU_HASH 1
| #define HAS_PR_SET_PTRACER 1
| #define HAS_CMA 1
| #define HAS_EPOLL_CREATE1 1
| /* end confdefs.h.  */
| #include <readline/history.h>
configure:6402: result: no
configure:6402: checking for readline/history.h
configure:6402: result: no
configure:6425: checking for ps
configure:6442: found /bin/ps
configure:6454: result: yes
configure:6466: checking for python
configure:6482: found /usr/bin/python
configure:6494: result: yes
configure:6506: checking for dash
configure:6522: found /bin/dash
configure:6534: result: yes
configure:6546: checking for tcsh
configure:6574: result: no
configure:6586: checking for zsh
configure:6614: result: no
configure:6626: checking for vim
configure:6643: found /usr/bin/vim
configure:6655: result: yes
configure:6665: checking for vim
configure:6684: found /usr/bin/vim
configure:6697: result: /usr/bin/vim
configure:6709: checking for emacs
configure:6737: result: no
configure:6747: checking for emacs-nox
configure:6775: result: no
configure:6787: checking for script
configure:6803: found /usr/bin/script
configure:6815: result: yes
configure:6827: checking for screen
configure:6855: result: no
configure:6865: checking for screen
configure:6896: result: no
configure:6908: checking for strace
configure:6924: found /usr/bin/strace
configure:6936: result: yes
configure:6948: checking for gdb
configure:6976: result: no
configure:6988: checking for java
configure:7017: result: no
configure:7029: checking for javac
configure:7058: result: no
configure:7072: checking for cilkc
configure:7101: result: no
configure:7111: checking for cilkc
configure:7143: result: no
configure:7155: checking for gcl
configure:7184: result: no
configure:7194: checking for gcl
configure:7226: result: no
configure:7238: checking for matlab
configure:7267: result: no
configure:7277: checking for matlab
configure:7309: result: no
configure:7321: checking linux/version.h usability
configure:7321: gcc -c -g -O2  conftest.c >&5
configure:7321: $? = 0
configure:7321: result: yes
configure:7321: checking linux/version.h presence
configure:7321: gcc -E  conftest.c
configure:7321: $? = 0
configure:7321: result: yes
configure:7321: checking for linux/version.h
configure:7321: result: yes
configure:7338: checking for gzip
configure:7355: found /bin/gzip
configure:7367: result: yes
configure:7411: checking for mpicc
configure:7442: result: yes
configure:7452: checking for mpirun
configure:7483: result: yes
configure:7493: checking for mpiexec
configure:7524: result: yes
configure:7567: checking for mpicc.openmpi
configure:7600: result: no
configure:7567: checking for mpicc
configure:7600: result: no
configure:7613: checking for mpirun.openmpi
configure:7646: result: no
configure:7613: checking for mpirun
configure:7646: result: no
configure:7692: checking for sys/epoll.h
configure:7692: gcc -c -g -O2  conftest.c >&5
configure:7692: $? = 0
configure:7692: result: yes
configure:7692: checking for sys/eventfd.h
configure:7692: gcc -c -g -O2  conftest.c >&5
configure:7692: $? = 0
configure:7692: result: yes
configure:7692: checking for sys/signalfd.h
configure:7692: gcc -c -g -O2  conftest.c >&5
configure:7692: $? = 0
configure:7692: result: yes
configure:7692: checking for sys/inotify.h
configure:7692: gcc -c -g -O2  conftest.c >&5
configure:7692: $? = 0
configure:7692: result: yes
configure:7713: checking for gcc atomic builtins
configure:7733: g++ -o conftest -g -O2   conftest.cpp  >&5
configure:7733: $? = 0
configure:7746: result: yes
configure:7757: checking for __WAIT_STATUS type
configure:7772: gcc -o conftest -g -O2   conftest.c  >&5
conftest.c: In function 'main':
conftest.c:26:7: error: unknown type name '__WAIT_STATUS'; did you mean '__WEXITSTATUS'?
       __WAIT_STATUS status __attribute__((unused));
       ^~~~~~~~~~~~~
       __WEXITSTATUS
configure:7772: $? = 1
configure: failed program was:
| /* confdefs.h */
| #define PACKAGE_NAME "DMTCP"
| #define PACKAGE_TARNAME "dmtcp"
| #define PACKAGE_VERSION "3.0.0"
| #define PACKAGE_STRING "DMTCP 3.0.0"
| #define PACKAGE_BUGREPORT "dmtcp-forum@lists.sourceforge.net"
| #define PACKAGE_URL "http://dmtcp.sourceforge.net"
| #define PACKAGE "dmtcp"
| #define VERSION "3.0.0"
| #define HAS_GNU_HASH 1
| #define HAS_PR_SET_PTRACER 1
| #define HAS_CMA 1
| #define HAS_EPOLL_CREATE1 1
| #define HAVE_LINUX_VERSION_H 1
| #define ELF_INTERPRETER "/lib64/ld-linux-x86-64.so.2"
| #define HAVE_SYS_EPOLL_H 1
| #define HAVE_SYS_EVENTFD_H 1
| #define HAVE_SYS_SIGNALFD_H 1
| #define HAVE_SYS_INOTIFY_H 1
| /* end confdefs.h.  */
| 
| 
|     #include <sys/wait.h>
|     #include <stdlib.h>
|     int main() {
|       __WAIT_STATUS status __attribute__((unused));
|       return 0;
|     }
| 
| 
configure:7779: result: no
configure:7897: checking that generated files are newer than configure
configure:7903: result: done
configure:7958: creating ./config.status

## ---------------------- ##
## Running config.status. ##
## ---------------------- ##

This file was extended by DMTCP config.status 3.0.0, which was
generated by GNU Autoconf 2.69.  Invocation command line was

  CONFIG_FILES    = 
  CONFIG_HEADERS  = 
  CONFIG_LINKS    = 
  CONFIG_COMMANDS = 
  $ ./config.status 

on h16

config.status:947: creating Makefile
config.status:947: creating contrib/Makefile
config.status:947: creating contrib/ckptfile/Makefile
config.status:947: creating contrib/infiniband/Makefile
config.status:947: creating plugin/Makefile
config.status:947: creating src/Makefile
config.status:947: creating src/mtcp/Makefile
config.status:947: creating src/plugin/Makefile
config.status:947: creating include/dmtcp/version.h
config.status:947: creating test/Makefile
config.status:947: creating test/autotest_config.py
config.status:947: creating test/plugin/Makefile
config.status:947: creating include/config.h
config.status:1176: executing depfiles commands

## ---------------- ##
## Cache variables. ##
## ---------------- ##

ac_cv_build=x86_64-pc-linux-gnu
ac_cv_c_compiler_gnu=yes
ac_cv_cxx_compiler_gnu=yes
ac_cv_env_CCC_set=
ac_cv_env_CCC_value=
ac_cv_env_CC_set=
ac_cv_env_CC_value=
ac_cv_env_CFLAGS_set=
ac_cv_env_CFLAGS_value=
ac_cv_env_CPPFLAGS_set=
ac_cv_env_CPPFLAGS_value=
ac_cv_env_CPP_set=
ac_cv_env_CPP_value=
ac_cv_env_CXXFLAGS_set=
ac_cv_env_CXXFLAGS_value=
ac_cv_env_CXX_set=
ac_cv_env_CXX_value=
ac_cv_env_LDFLAGS_set=
ac_cv_env_LDFLAGS_value=
ac_cv_env_LIBS_set=
ac_cv_env_LIBS_value=
ac_cv_env_build_alias_set=
ac_cv_env_build_alias_value=
ac_cv_env_host_alias_set=
ac_cv_env_host_alias_value=
ac_cv_env_target_alias_set=
ac_cv_env_target_alias_value=
ac_cv_func_epoll_create1=yes
ac_cv_header_linux_version_h=yes
ac_cv_header_readline_history_h=no
ac_cv_header_readline_readline_h=no
ac_cv_header_sys_epoll_h=yes
ac_cv_header_sys_eventfd_h=yes
ac_cv_header_sys_inotify_h=yes
ac_cv_header_sys_signalfd_h=yes
ac_cv_host=x86_64-pc-linux-gnu
ac_cv_lib_readline_readline=no
ac_cv_objext=o
ac_cv_path_CILKC=no
ac_cv_path_GCL=no
ac_cv_path_MATLAB=no
ac_cv_path_MPICH_MPICC=yes
ac_cv_path_MPICH_MPIEXEC=yes
ac_cv_path_MPICH_MPIRUN=yes
ac_cv_path_SCREEN=no
ac_cv_path_VIM=/usr/bin/vim
ac_cv_path_install='/usr/bin/install -c'
ac_cv_path_mkdir=/bin/mkdir
ac_cv_prog_AWK=mawk
ac_cv_prog_CPP='gcc -E'
ac_cv_prog_HAS_CILK=no
ac_cv_prog_HAS_DASH=yes
ac_cv_prog_HAS_EMACS=no
ac_cv_prog_HAS_EMACS_NOX=no
ac_cv_prog_HAS_GCL=no
ac_cv_prog_HAS_GDB=no
ac_cv_prog_HAS_GZIP=yes
ac_cv_prog_HAS_JAVA=no
ac_cv_prog_HAS_JAVAC=no
ac_cv_prog_HAS_MATLAB=no
ac_cv_prog_HAS_PS=yes
ac_cv_prog_HAS_PYTHON=yes
ac_cv_prog_HAS_SCREEN=no
ac_cv_prog_HAS_SCRIPT=yes
ac_cv_prog_HAS_STRACE=yes
ac_cv_prog_HAS_TCSH=no
ac_cv_prog_HAS_VIM=yes
ac_cv_prog_HAS_ZSH=no
ac_cv_prog_ac_ct_CC=gcc
ac_cv_prog_ac_ct_CXX=g++
ac_cv_prog_ac_ct_RANLIB=ranlib
ac_cv_prog_c_openmp=-fopenmp
ac_cv_prog_cc_c89=
ac_cv_prog_cc_c99=
ac_cv_prog_cc_g=yes
ac_cv_prog_cc_stdc=
ac_cv_prog_cxx_g=yes
ac_cv_prog_cxx_openmp=-fopenmp
ac_cv_prog_make_make_set=yes
am_cv_CC_dependencies_compiler_type=gcc3
am_cv_CXX_dependencies_compiler_type=gcc3
am_cv_make_support_nested_variables=yes
am_cv_prog_cc_c_o=yes

## ----------------- ##
## Output variables. ##
## ----------------- ##

AARCH64_HOST='no'
AARCH64_HOST_FALSE=''
AARCH64_HOST_TRUE='#'
ACLOCAL='${SHELL} /root/CRAC-early-development/missing aclocal-1.15'
AMDEPBACKSLASH='\'
AMDEP_FALSE='#'
AMDEP_TRUE=''
AMTAR='$${TAR-tar}'
AM_BACKSLASH='\'
AM_DEFAULT_V='$(AM_DEFAULT_VERBOSITY)'
AM_DEFAULT_VERBOSITY='1'
AM_V='$(V)'
ARFLAGS='cr'
ARM_HOST='no'
ARM_HOST_FALSE=''
ARM_HOST_TRUE='#'
AUTOCONF='${SHELL} /root/CRAC-early-development/missing autoconf'
AUTOHEADER='${SHELL} /root/CRAC-early-development/missing autoheader'
AUTOMAKE='${SHELL} /root/CRAC-early-development/missing automake-1.15'
AWK='mawk'
CC='gcc'
CCDEPMODE='depmode=gcc3'
CFLAGS='-g -O2'
CILKC='no'
CONFIG_M32_FALSE=''
CONFIG_M32_TRUE='#'
CONFIG_MULTILIB_FALSE=''
CONFIG_MULTILIB_TRUE='#'
CPP='gcc -E'
CPPFLAGS=''
CXX='g++'
CXXDEPMODE='depmode=gcc3'
CXXFLAGS='-g -O2'
CYGPATH_W='echo'
DEBUG='no'
DEFS='-DHAVE_CONFIG_H'
DEPDIR='.deps'
ECHO_C=''
ECHO_N='-n'
ECHO_T=''
EGREP=''
ENABLE_PTHREAD_MUTEX_WRAPPERS_FALSE=''
ENABLE_PTHREAD_MUTEX_WRAPPERS_TRUE='#'
EXEEXT=''
FAST_RST_VIA_MMAP='no'
FAST_RST_VIA_MMAP_FALSE=''
FAST_RST_VIA_MMAP_TRUE='#'
GCL='no'
GREP=''
HAS_CILK='no'
HAS_CMA='yes'
HAS_DASH='yes'
HAS_EMACS='no'
HAS_EMACS_NOX='no'
HAS_EPOLL_CREATE1='yes'
HAS_GCL='no'
HAS_GDB='no'
HAS_GZIP='yes'
HAS_JAVA='no'
HAS_JAVAC='no'
HAS_MATLAB='no'
HAS_MPICH='no'
HAS_MUTEX_WRAPPERS='no'
HAS_OPENMPI='no'
HAS_PS='yes'
HAS_PYTHON='yes'
HAS_READLINE='no'
HAS_SCREEN='no'
HAS_SCRIPT='yes'
HAS_SSH_LOCALHOST='no'
HAS_STRACE='yes'
HAS_TCSH='no'
HAS_VIM='yes'
HAS_ZSH='no'
HBICT_DELTACOMP='no'
INFINIBAND_SUPPORT='no'
INSTALL_DATA='${INSTALL} -m 644'
INSTALL_PROGRAM='${INSTALL}'
INSTALL_SCRIPT='${INSTALL}'
INSTALL_STRIP_PROGRAM='$(install_sh) -c -s'
LDFLAGS=''
LIBOBJS=''
LIBS=''
LN_S='ln -s'
LOGGING='no'
LTLIBOBJS=''
M32='0'
MAINT='#'
MAINTAINER_MODE_FALSE=''
MAINTAINER_MODE_TRUE='#'
MAKEINFO='${SHELL} /root/CRAC-early-development/missing makeinfo'
MATLAB='no'
MKDIR_P='/bin/mkdir -p'
MPICH_MPICC='yes'
MPICH_MPIEXEC='yes'
MPICH_MPIRUN='yes'
MPICH_PATH=''
MULTILIB='0'
OBJEXT='o'
OPENMPI_MPICC='no'
OPENMPI_MPIRUN='no'
OPENMP_CFLAGS='-fopenmp'
OPENMP_CXXFLAGS='-fopenmp'
PACKAGE='dmtcp'
PACKAGE_BUGREPORT='dmtcp-forum@lists.sourceforge.net'
PACKAGE_NAME='DMTCP'
PACKAGE_STRING='DMTCP 3.0.0'
PACKAGE_TARNAME='dmtcp'
PACKAGE_URL='http://dmtcp.sourceforge.net'
PACKAGE_VERSION='3.0.0'
PATH_SEPARATOR=':'
RANLIB='ranlib'
SCREEN='no'
SET_MAKE=''
SHELL='/bin/bash'
STRIP=''
TEST_POSIX_MQ='yes'
USE_TEST_SUITE='yes'
VERSION='3.0.0'
VIM='/usr/bin/vim'
ac_ct_CC='gcc'
ac_ct_CXX='g++'
am__EXEEXT_FALSE=''
am__EXEEXT_TRUE='#'
am__fastdepCC_FALSE='#'
am__fastdepCC_TRUE=''
am__fastdepCXX_FALSE='#'
am__fastdepCXX_TRUE=''
am__include='include'
am__isrc=''
am__leading_dot='.'
am__nodep='_no'
am__quote=''
am__tar='$${TAR-tar} chof - "$$tardir"'
am__untar='$${TAR-tar} xf -'
bindir='${exec_prefix}/bin'
build='x86_64-pc-linux-gnu'
build_alias=''
build_cpu='x86_64'
build_os='linux-gnu'
build_vendor='pc'
datadir='${datarootdir}'
datarootdir='${prefix}/share'
docdir='${datarootdir}/doc/${PACKAGE_TARNAME}'
dvidir='${docdir}'
exec_prefix='${prefix}'
host='x86_64-pc-linux-gnu'
host_alias=''
host_cpu='x86_64'
host_os='linux-gnu'
host_vendor='pc'
htmldir='${docdir}'
includedir='${prefix}/include'
infodir='${datarootdir}/info'
install_sh='${SHELL} /root/CRAC-early-development/install-sh'
libdir='${exec_prefix}/lib'
libexecdir='${exec_prefix}/libexec'
localedir='${datarootdir}/locale'
localstatedir='${prefix}/var'
mandir='${datarootdir}/man'
mkdir_p='$(MKDIR_P)'
oldincludedir='/usr/include'
pdfdir='${docdir}'
prefix='/usr/local'
program_transform_name='s,x,x,'
psdir='${docdir}'
runstatedir='${localstatedir}/run'
sbindir='${exec_prefix}/sbin'
sharedstatedir='${prefix}/com'
sysconfdir='${prefix}/etc'
target_alias=''

## ----------- ##
## confdefs.h. ##
## ----------- ##

/* confdefs.h */
#define PACKAGE_NAME "DMTCP"
#define PACKAGE_TARNAME "dmtcp"
#define PACKAGE_VERSION "3.0.0"
#define PACKAGE_STRING "DMTCP 3.0.0"
#define PACKAGE_BUGREPORT "dmtcp-forum@lists.sourceforge.net"
#define PACKAGE_URL "http://dmtcp.sourceforge.net"
#define PACKAGE "dmtcp"
#define VERSION "3.0.0"
#define HAS_GNU_HASH 1
#define HAS_PR_SET_PTRACER 1
#define HAS_CMA 1
#define HAS_EPOLL_CREATE1 1
#define HAVE_LINUX_VERSION_H 1
#define ELF_INTERPRETER "/lib64/ld-linux-x86-64.so.2"
#define HAVE_SYS_EPOLL_H 1
#define HAVE_SYS_EVENTFD_H 1
#define HAVE_SYS_SIGNALFD_H 1
#define HAVE_SYS_INOTIFY_H 1
#define __WAIT_STATUS int *

configure: exit 0
